Determining if the pthread_create exist failed with the following output:
Change Dir: /home/jetson1/Racecar/racecar_ws/build/CMakeFiles/CMakeTmp

Run Build Command:"/usr/bin/make" "cmTC_bbdd3/fast"
/usr/bin/make -f CMakeFiles/cmTC_bbdd3.dir/build.make CMakeFiles/cmTC_bbdd3.dir/build
make[1]: Entering directory '/home/jetson1/Racecar/racecar_ws/build/CMakeFiles/CMakeTmp'
Building C object CMakeFiles/cmTC_bbdd3.dir/CheckSymbolExists.c.o
/usr/bin/cc    -o CMakeFiles/cmTC_bbdd3.dir/CheckSymbolExists.c.o   -c /home/jetson1/Racecar/racecar_ws/build/CMakeFiles/CMakeTmp/CheckSymbolExists.c
Linking C executable cmTC_bbdd3
/usr/bin/cmake -E cmake_link_script CMakeFiles/cmTC_bbdd3.dir/link.txt --verbose=1
/usr/bin/cc      -rdynamic CMakeFiles/cmTC_bbdd3.dir/CheckSymbolExists.c.o  -o cmTC_bbdd3 
CMakeFiles/cmTC_bbdd3.dir/CheckSymbolExists.c.o: In function `main':
CheckSymbolExists.c:(.text+0x14): undefined reference to `pthread_create'
CheckSymbolExists.c:(.text+0x18): undefined reference to `pthread_create'
collect2: error: ld returned 1 exit status
CMakeFiles/cmTC_bbdd3.dir/build.make:97: recipe for target 'cmTC_bbdd3' failed
make[1]: *** [cmTC_bbdd3] Error 1
make[1]: Leaving directory '/home/jetson1/Racecar/racecar_ws/build/CMakeFiles/CMakeTmp'
Makefile:126: recipe for target 'cmTC_bbdd3/fast' failed
make: *** [cmTC_bbdd3/fast] Error 2

File /home/jetson1/Racecar/racecar_ws/build/CMakeFiles/CMakeTmp/CheckSymbolExists.c:
/* */
#include <pthread.h>

int main(int argc, char** argv)
{
  (void)argv;
#ifndef pthread_create
  return ((int*)(&pthread_create))[argc];
#else
  (void)argc;
  return 0;
#endif
}

Determining if the function pthread_create exists in the pthreads failed with the following output:
Change Dir: /home/jetson1/Racecar/racecar_ws/build/CMakeFiles/CMakeTmp

Run Build Command:"/usr/bin/make" "cmTC_8d9de/fast"
/usr/bin/make -f CMakeFiles/cmTC_8d9de.dir/build.make CMakeFiles/cmTC_8d9de.dir/build
make[1]: Entering directory '/home/jetson1/Racecar/racecar_ws/build/CMakeFiles/CMakeTmp'
Building C object CMakeFiles/cmTC_8d9de.dir/CheckFunctionExists.c.o
/usr/bin/cc   -DCHECK_FUNCTION_EXISTS=pthread_create   -o CMakeFiles/cmTC_8d9de.dir/CheckFunctionExists.c.o   -c /usr/share/cmake-3.10/Modules/CheckFunctionExists.c
Linking C executable cmTC_8d9de
/usr/bin/cmake -E cmake_link_script CMakeFiles/cmTC_8d9de.dir/link.txt --verbose=1
/usr/bin/cc  -DCHECK_FUNCTION_EXISTS=pthread_create    -rdynamic CMakeFiles/cmTC_8d9de.dir/CheckFunctionExists.c.o  -o cmTC_8d9de -lpthreads 
/usr/bin/ld: cannot find -lpthreads
collect2: error: ld returned 1 exit status
CMakeFiles/cmTC_8d9de.dir/build.make:97: recipe for target 'cmTC_8d9de' failed
make[1]: *** [cmTC_8d9de] Error 1
make[1]: Leaving directory '/home/jetson1/Racecar/racecar_ws/build/CMakeFiles/CMakeTmp'
Makefile:126: recipe for target 'cmTC_8d9de/fast' failed
make: *** [cmTC_8d9de/fast] Error 2


